2023-07-31 10:35:07,600 [http-nio-8080-exec-1] ERROR c.s.s.controller.LoggingController - un joli message ERROR
2023-07-31 10:46:59,962 [http-nio-8080-exec-2] ERROR c.s.s.controller.LoggingController - IP address of the client: 0:0:0:0:0:0:0:1
2023-07-31 10:46:59,966 [http-nio-8080-exec-2] ERROR c.s.s.controller.LoggingController - un joli message ERROR
2023-07-31 11:02:08,010 [scheduling-1] ERROR o.s.s.s.TaskUtils$LoggingErrorHandler - Unexpected error occurred in scheduled task
java.lang.NullPointerException: temporal
	at java.base/java.util.Objects.requireNonNull(Objects.java:233)
	at java.base/java.time.format.DateTimeFormatter.formatTo(DateTimeFormatter.java:1844)
	at java.base/java.time.format.DateTimeFormatter.format(DateTimeFormatter.java:1823)
	at com.shortener.shortener.entity.Shortener.getCreationDate(Shortener.java:77)
	at com.shortener.shortener.controller.ShortenerController.lambda$deleteExpiredShorteners$1(ShortenerController.java:102)
	at java.base/java.util.ArrayList.removeIf(ArrayList.java:1672)
	at java.base/java.util.ArrayList.removeIf(ArrayList.java:1660)
	at com.shortener.shortener.controller.ShortenerController.deleteExpiredShorteners(ShortenerController.java:100)
	at java.base/jdk.internal.reflect.NativeMethodAccessorImpl.invoke0(Native Method)
	at java.base/jdk.internal.reflect.NativeMethodAccessorImpl.invoke(NativeMethodAccessorImpl.java:77)
	at java.base/jdk.internal.reflect.DelegatingMethodAccessorImpl.invoke(DelegatingMethodAccessorImpl.java:43)
	at java.base/java.lang.reflect.Method.invoke(Method.java:568)
	at org.springframework.scheduling.support.ScheduledMethodRunnable.run(ScheduledMethodRunnable.java:84)
	at org.springframework.scheduling.support.DelegatingErrorHandlingRunnable.run(DelegatingErrorHandlingRunnable.java:54)
	at org.springframework.scheduling.concurrent.ReschedulingRunnable.run(ReschedulingRunnable.java:96)
	at java.base/java.util.concurrent.Executors$RunnableAdapter.call(Executors.java:539)
	at java.base/java.util.concurrent.FutureTask.run(FutureTask.java:264)
	at java.base/java.util.concurrent.ScheduledThreadPoolExecutor$ScheduledFutureTask.run(ScheduledThreadPoolExecutor.java:304)
	at java.base/java.util.concurrent.ThreadPoolExecutor.runWorker(ThreadPoolExecutor.java:1136)
	at java.base/java.util.concurrent.ThreadPoolExecutor$Worker.run(ThreadPoolExecutor.java:635)
	at java.base/java.lang.Thread.run(Thread.java:833)
2023-07-31 11:02:09,016 [scheduling-1] ERROR o.s.s.s.TaskUtils$LoggingErrorHandler - Unexpected error occurred in scheduled task
java.lang.NullPointerException: temporal
	at java.base/java.util.Objects.requireNonNull(Objects.java:233)
	at java.base/java.time.format.DateTimeFormatter.formatTo(DateTimeFormatter.java:1844)
	at java.base/java.time.format.DateTimeFormatter.format(DateTimeFormatter.java:1823)
	at com.shortener.shortener.entity.Shortener.getCreationDate(Shortener.java:77)
	at com.shortener.shortener.controller.ShortenerController.lambda$deleteExpiredShorteners$1(ShortenerController.java:102)
	at java.base/java.util.ArrayList.removeIf(ArrayList.java:1672)
	at java.base/java.util.ArrayList.removeIf(ArrayList.java:1660)
	at com.shortener.shortener.controller.ShortenerController.deleteExpiredShorteners(ShortenerController.java:100)
	at java.base/jdk.internal.reflect.NativeMethodAccessorImpl.invoke0(Native Method)
	at java.base/jdk.internal.reflect.NativeMethodAccessorImpl.invoke(NativeMethodAccessorImpl.java:77)
	at java.base/jdk.internal.reflect.DelegatingMethodAccessorImpl.invoke(DelegatingMethodAccessorImpl.java:43)
	at java.base/java.lang.reflect.Method.invoke(Method.java:568)
	at org.springframework.scheduling.support.ScheduledMethodRunnable.run(ScheduledMethodRunnable.java:84)
	at org.springframework.scheduling.support.DelegatingErrorHandlingRunnable.run(DelegatingErrorHandlingRunnable.java:54)
	at org.springframework.scheduling.concurrent.ReschedulingRunnable.run(ReschedulingRunnable.java:96)
	at java.base/java.util.concurrent.Executors$RunnableAdapter.call(Executors.java:539)
	at java.base/java.util.concurrent.FutureTask.run(FutureTask.java:264)
	at java.base/java.util.concurrent.ScheduledThreadPoolExecutor$ScheduledFutureTask.run(ScheduledThreadPoolExecutor.java:304)
	at java.base/java.util.concurrent.ThreadPoolExecutor.runWorker(ThreadPoolExecutor.java:1136)
	at java.base/java.util.concurrent.ThreadPoolExecutor$Worker.run(ThreadPoolExecutor.java:635)
	at java.base/java.lang.Thread.run(Thread.java:833)
2023-07-31 11:02:10,005 [scheduling-1] ERROR o.s.s.s.TaskUtils$LoggingErrorHandler - Unexpected error occurred in scheduled task
java.lang.NullPointerException: temporal
	at java.base/java.util.Objects.requireNonNull(Objects.java:233)
	at java.base/java.time.format.DateTimeFormatter.formatTo(DateTimeFormatter.java:1844)
	at java.base/java.time.format.DateTimeFormatter.format(DateTimeFormatter.java:1823)
	at com.shortener.shortener.entity.Shortener.getCreationDate(Shortener.java:77)
	at com.shortener.shortener.controller.ShortenerController.lambda$deleteExpiredShorteners$1(ShortenerController.java:102)
	at java.base/java.util.ArrayList.removeIf(ArrayList.java:1672)
	at java.base/java.util.ArrayList.removeIf(ArrayList.java:1660)
	at com.shortener.shortener.controller.ShortenerController.deleteExpiredShorteners(ShortenerController.java:100)
	at java.base/jdk.internal.reflect.NativeMethodAccessorImpl.invoke0(Native Method)
	at java.base/jdk.internal.reflect.NativeMethodAccessorImpl.invoke(NativeMethodAccessorImpl.java:77)
	at java.base/jdk.internal.reflect.DelegatingMethodAccessorImpl.invoke(DelegatingMethodAccessorImpl.java:43)
	at java.base/java.lang.reflect.Method.invoke(Method.java:568)
	at org.springframework.scheduling.support.ScheduledMethodRunnable.run(ScheduledMethodRunnable.java:84)
	at org.springframework.scheduling.support.DelegatingErrorHandlingRunnable.run(DelegatingErrorHandlingRunnable.java:54)
	at org.springframework.scheduling.concurrent.ReschedulingRunnable.run(ReschedulingRunnable.java:96)
	at java.base/java.util.concurrent.Executors$RunnableAdapter.call(Executors.java:539)
	at java.base/java.util.concurrent.FutureTask.run(FutureTask.java:264)
	at java.base/java.util.concurrent.ScheduledThreadPoolExecutor$ScheduledFutureTask.run(ScheduledThreadPoolExecutor.java:304)
	at java.base/java.util.concurrent.ThreadPoolExecutor.runWorker(ThreadPoolExecutor.java:1136)
	at java.base/java.util.concurrent.ThreadPoolExecutor$Worker.run(ThreadPoolExecutor.java:635)
	at java.base/java.lang.Thread.run(Thread.java:833)
2023-07-31 11:02:11,012 [scheduling-1] ERROR o.s.s.s.TaskUtils$LoggingErrorHandler - Unexpected error occurred in scheduled task
java.lang.NullPointerException: temporal
	at java.base/java.util.Objects.requireNonNull(Objects.java:233)
	at java.base/java.time.format.DateTimeFormatter.formatTo(DateTimeFormatter.java:1844)
	at java.base/java.time.format.DateTimeFormatter.format(DateTimeFormatter.java:1823)
	at com.shortener.shortener.entity.Shortener.getCreationDate(Shortener.java:77)
	at com.shortener.shortener.controller.ShortenerController.lambda$deleteExpiredShorteners$1(ShortenerController.java:102)
	at java.base/java.util.ArrayList.removeIf(ArrayList.java:1672)
	at java.base/java.util.ArrayList.removeIf(ArrayList.java:1660)
	at com.shortener.shortener.controller.ShortenerController.deleteExpiredShorteners(ShortenerController.java:100)
	at java.base/jdk.internal.reflect.NativeMethodAccessorImpl.invoke0(Native Method)
	at java.base/jdk.internal.reflect.NativeMethodAccessorImpl.invoke(NativeMethodAccessorImpl.java:77)
	at java.base/jdk.internal.reflect.DelegatingMethodAccessorImpl.invoke(DelegatingMethodAccessorImpl.java:43)
	at java.base/java.lang.reflect.Method.invoke(Method.java:568)
	at org.springframework.scheduling.support.ScheduledMethodRunnable.run(ScheduledMethodRunnable.java:84)
	at org.springframework.scheduling.support.DelegatingErrorHandlingRunnable.run(DelegatingErrorHandlingRunnable.java:54)
	at org.springframework.scheduling.concurrent.ReschedulingRunnable.run(ReschedulingRunnable.java:96)
	at java.base/java.util.concurrent.Executors$RunnableAdapter.call(Executors.java:539)
	at java.base/java.util.concurrent.FutureTask.run(FutureTask.java:264)
	at java.base/java.util.concurrent.ScheduledThreadPoolExecutor$ScheduledFutureTask.run(ScheduledThreadPoolExecutor.java:304)
	at java.base/java.util.concurrent.ThreadPoolExecutor.runWorker(ThreadPoolExecutor.java:1136)
	at java.base/java.util.concurrent.ThreadPoolExecutor$Worker.run(ThreadPoolExecutor.java:635)
	at java.base/java.lang.Thread.run(Thread.java:833)
2023-07-31 11:02:12,014 [scheduling-1] ERROR o.s.s.s.TaskUtils$LoggingErrorHandler - Unexpected error occurred in scheduled task
java.lang.NullPointerException: temporal
	at java.base/java.util.Objects.requireNonNull(Objects.java:233)
	at java.base/java.time.format.DateTimeFormatter.formatTo(DateTimeFormatter.java:1844)
	at java.base/java.time.format.DateTimeFormatter.format(DateTimeFormatter.java:1823)
	at com.shortener.shortener.entity.Shortener.getCreationDate(Shortener.java:77)
	at com.shortener.shortener.controller.ShortenerController.lambda$deleteExpiredShorteners$1(ShortenerController.java:102)
	at java.base/java.util.ArrayList.removeIf(ArrayList.java:1672)
	at java.base/java.util.ArrayList.removeIf(ArrayList.java:1660)
	at com.shortener.shortener.controller.ShortenerController.deleteExpiredShorteners(ShortenerController.java:100)
	at java.base/jdk.internal.reflect.NativeMethodAccessorImpl.invoke0(Native Method)
	at java.base/jdk.internal.reflect.NativeMethodAccessorImpl.invoke(NativeMethodAccessorImpl.java:77)
	at java.base/jdk.internal.reflect.DelegatingMethodAccessorImpl.invoke(DelegatingMethodAccessorImpl.java:43)
	at java.base/java.lang.reflect.Method.invoke(Method.java:568)
	at org.springframework.scheduling.support.ScheduledMethodRunnable.run(ScheduledMethodRunnable.java:84)
	at org.springframework.scheduling.support.DelegatingErrorHandlingRunnable.run(DelegatingErrorHandlingRunnable.java:54)
	at org.springframework.scheduling.concurrent.ReschedulingRunnable.run(ReschedulingRunnable.java:96)
	at java.base/java.util.concurrent.Executors$RunnableAdapter.call(Executors.java:539)
	at java.base/java.util.concurrent.FutureTask.run(FutureTask.java:264)
	at java.base/java.util.concurrent.ScheduledThreadPoolExecutor$ScheduledFutureTask.run(ScheduledThreadPoolExecutor.java:304)
	at java.base/java.util.concurrent.ThreadPoolExecutor.runWorker(ThreadPoolExecutor.java:1136)
	at java.base/java.util.concurrent.ThreadPoolExecutor$Worker.run(ThreadPoolExecutor.java:635)
	at java.base/java.lang.Thread.run(Thread.java:833)
2023-07-31 11:02:13,007 [scheduling-1] ERROR o.s.s.s.TaskUtils$LoggingErrorHandler - Unexpected error occurred in scheduled task
java.lang.NullPointerException: temporal
	at java.base/java.util.Objects.requireNonNull(Objects.java:233)
	at java.base/java.time.format.DateTimeFormatter.formatTo(DateTimeFormatter.java:1844)
	at java.base/java.time.format.DateTimeFormatter.format(DateTimeFormatter.java:1823)
	at com.shortener.shortener.entity.Shortener.getCreationDate(Shortener.java:77)
	at com.shortener.shortener.controller.ShortenerController.lambda$deleteExpiredShorteners$1(ShortenerController.java:102)
	at java.base/java.util.ArrayList.removeIf(ArrayList.java:1672)
	at java.base/java.util.ArrayList.removeIf(ArrayList.java:1660)
	at com.shortener.shortener.controller.ShortenerController.deleteExpiredShorteners(ShortenerController.java:100)
	at java.base/jdk.internal.reflect.NativeMethodAccessorImpl.invoke0(Native Method)
	at java.base/jdk.internal.reflect.NativeMethodAccessorImpl.invoke(NativeMethodAccessorImpl.java:77)
	at java.base/jdk.internal.reflect.DelegatingMethodAccessorImpl.invoke(DelegatingMethodAccessorImpl.java:43)
	at java.base/java.lang.reflect.Method.invoke(Method.java:568)
	at org.springframework.scheduling.support.ScheduledMethodRunnable.run(ScheduledMethodRunnable.java:84)
	at org.springframework.scheduling.support.DelegatingErrorHandlingRunnable.run(DelegatingErrorHandlingRunnable.java:54)
	at org.springframework.scheduling.concurrent.ReschedulingRunnable.run(ReschedulingRunnable.java:96)
	at java.base/java.util.concurrent.Executors$RunnableAdapter.call(Executors.java:539)
	at java.base/java.util.concurrent.FutureTask.run(FutureTask.java:264)
	at java.base/java.util.concurrent.ScheduledThreadPoolExecutor$ScheduledFutureTask.run(ScheduledThreadPoolExecutor.java:304)
	at java.base/java.util.concurrent.ThreadPoolExecutor.runWorker(ThreadPoolExecutor.java:1136)
	at java.base/java.util.concurrent.ThreadPoolExecutor$Worker.run(ThreadPoolExecutor.java:635)
	at java.base/java.lang.Thread.run(Thread.java:833)
2023-07-31 11:02:14,013 [scheduling-1] ERROR o.s.s.s.TaskUtils$LoggingErrorHandler - Unexpected error occurred in scheduled task
java.lang.NullPointerException: temporal
	at java.base/java.util.Objects.requireNonNull(Objects.java:233)
	at java.base/java.time.format.DateTimeFormatter.formatTo(DateTimeFormatter.java:1844)
	at java.base/java.time.format.DateTimeFormatter.format(DateTimeFormatter.java:1823)
	at com.shortener.shortener.entity.Shortener.getCreationDate(Shortener.java:77)
	at com.shortener.shortener.controller.ShortenerController.lambda$deleteExpiredShorteners$1(ShortenerController.java:102)
	at java.base/java.util.ArrayList.removeIf(ArrayList.java:1672)
	at java.base/java.util.ArrayList.removeIf(ArrayList.java:1660)
	at com.shortener.shortener.controller.ShortenerController.deleteExpiredShorteners(ShortenerController.java:100)
	at java.base/jdk.internal.reflect.NativeMethodAccessorImpl.invoke0(Native Method)
	at java.base/jdk.internal.reflect.NativeMethodAccessorImpl.invoke(NativeMethodAccessorImpl.java:77)
	at java.base/jdk.internal.reflect.DelegatingMethodAccessorImpl.invoke(DelegatingMethodAccessorImpl.java:43)
	at java.base/java.lang.reflect.Method.invoke(Method.java:568)
	at org.springframework.scheduling.support.ScheduledMethodRunnable.run(ScheduledMethodRunnable.java:84)
	at org.springframework.scheduling.support.DelegatingErrorHandlingRunnable.run(DelegatingErrorHandlingRunnable.java:54)
	at org.springframework.scheduling.concurrent.ReschedulingRunnable.run(ReschedulingRunnable.java:96)
	at java.base/java.util.concurrent.Executors$RunnableAdapter.call(Executors.java:539)
	at java.base/java.util.concurrent.FutureTask.run(FutureTask.java:264)
	at java.base/java.util.concurrent.ScheduledThreadPoolExecutor$ScheduledFutureTask.run(ScheduledThreadPoolExecutor.java:304)
	at java.base/java.util.concurrent.ThreadPoolExecutor.runWorker(ThreadPoolExecutor.java:1136)
	at java.base/java.util.concurrent.ThreadPoolExecutor$Worker.run(ThreadPoolExecutor.java:635)
	at java.base/java.lang.Thread.run(Thread.java:833)
2023-07-31 11:02:15,016 [scheduling-1] ERROR o.s.s.s.TaskUtils$LoggingErrorHandler - Unexpected error occurred in scheduled task
java.lang.NullPointerException: temporal
	at java.base/java.util.Objects.requireNonNull(Objects.java:233)
	at java.base/java.time.format.DateTimeFormatter.formatTo(DateTimeFormatter.java:1844)
	at java.base/java.time.format.DateTimeFormatter.format(DateTimeFormatter.java:1823)
	at com.shortener.shortener.entity.Shortener.getCreationDate(Shortener.java:77)
	at com.shortener.shortener.controller.ShortenerController.lambda$deleteExpiredShorteners$1(ShortenerController.java:102)
	at java.base/java.util.ArrayList.removeIf(ArrayList.java:1672)
	at java.base/java.util.ArrayList.removeIf(ArrayList.java:1660)
	at com.shortener.shortener.controller.ShortenerController.deleteExpiredShorteners(ShortenerController.java:100)
	at java.base/jdk.internal.reflect.NativeMethodAccessorImpl.invoke0(Native Method)
	at java.base/jdk.internal.reflect.NativeMethodAccessorImpl.invoke(NativeMethodAccessorImpl.java:77)
	at java.base/jdk.internal.reflect.DelegatingMethodAccessorImpl.invoke(DelegatingMethodAccessorImpl.java:43)
	at java.base/java.lang.reflect.Method.invoke(Method.java:568)
	at org.springframework.scheduling.support.ScheduledMethodRunnable.run(ScheduledMethodRunnable.java:84)
	at org.springframework.scheduling.support.DelegatingErrorHandlingRunnable.run(DelegatingErrorHandlingRunnable.java:54)
	at org.springframework.scheduling.concurrent.ReschedulingRunnable.run(ReschedulingRunnable.java:96)
	at java.base/java.util.concurrent.Executors$RunnableAdapter.call(Executors.java:539)
	at java.base/java.util.concurrent.FutureTask.run(FutureTask.java:264)
	at java.base/java.util.concurrent.ScheduledThreadPoolExecutor$ScheduledFutureTask.run(ScheduledThreadPoolExecutor.java:304)
	at java.base/java.util.concurrent.ThreadPoolExecutor.runWorker(ThreadPoolExecutor.java:1136)
	at java.base/java.util.concurrent.ThreadPoolExecutor$Worker.run(ThreadPoolExecutor.java:635)
	at java.base/java.lang.Thread.run(Thread.java:833)
2023-07-31 11:02:16,007 [scheduling-1] ERROR o.s.s.s.TaskUtils$LoggingErrorHandler - Unexpected error occurred in scheduled task
java.lang.NullPointerException: temporal
	at java.base/java.util.Objects.requireNonNull(Objects.java:233)
	at java.base/java.time.format.DateTimeFormatter.formatTo(DateTimeFormatter.java:1844)
	at java.base/java.time.format.DateTimeFormatter.format(DateTimeFormatter.java:1823)
	at com.shortener.shortener.entity.Shortener.getCreationDate(Shortener.java:77)
	at com.shortener.shortener.controller.ShortenerController.lambda$deleteExpiredShorteners$1(ShortenerController.java:102)
	at java.base/java.util.ArrayList.removeIf(ArrayList.java:1672)
	at java.base/java.util.ArrayList.removeIf(ArrayList.java:1660)
	at com.shortener.shortener.controller.ShortenerController.deleteExpiredShorteners(ShortenerController.java:100)
	at java.base/jdk.internal.reflect.NativeMethodAccessorImpl.invoke0(Native Method)
	at java.base/jdk.internal.reflect.NativeMethodAccessorImpl.invoke(NativeMethodAccessorImpl.java:77)
	at java.base/jdk.internal.reflect.DelegatingMethodAccessorImpl.invoke(DelegatingMethodAccessorImpl.java:43)
	at java.base/java.lang.reflect.Method.invoke(Method.java:568)
	at org.springframework.scheduling.support.ScheduledMethodRunnable.run(ScheduledMethodRunnable.java:84)
	at org.springframework.scheduling.support.DelegatingErrorHandlingRunnable.run(DelegatingErrorHandlingRunnable.java:54)
	at org.springframework.scheduling.concurrent.ReschedulingRunnable.run(ReschedulingRunnable.java:96)
	at java.base/java.util.concurrent.Executors$RunnableAdapter.call(Executors.java:539)
	at java.base/java.util.concurrent.FutureTask.run(FutureTask.java:264)
	at java.base/java.util.concurrent.ScheduledThreadPoolExecutor$ScheduledFutureTask.run(ScheduledThreadPoolExecutor.java:304)
	at java.base/java.util.concurrent.ThreadPoolExecutor.runWorker(ThreadPoolExecutor.java:1136)
	at java.base/java.util.concurrent.ThreadPoolExecutor$Worker.run(ThreadPoolExecutor.java:635)
	at java.base/java.lang.Thread.run(Thread.java:833)
2023-07-31 11:02:17,008 [scheduling-1] ERROR o.s.s.s.TaskUtils$LoggingErrorHandler - Unexpected error occurred in scheduled task
java.lang.NullPointerException: temporal
	at java.base/java.util.Objects.requireNonNull(Objects.java:233)
	at java.base/java.time.format.DateTimeFormatter.formatTo(DateTimeFormatter.java:1844)
	at java.base/java.time.format.DateTimeFormatter.format(DateTimeFormatter.java:1823)
	at com.shortener.shortener.entity.Shortener.getCreationDate(Shortener.java:77)
	at com.shortener.shortener.controller.ShortenerController.lambda$deleteExpiredShorteners$1(ShortenerController.java:102)
	at java.base/java.util.ArrayList.removeIf(ArrayList.java:1672)
	at java.base/java.util.ArrayList.removeIf(ArrayList.java:1660)
	at com.shortener.shortener.controller.ShortenerController.deleteExpiredShorteners(ShortenerController.java:100)
	at java.base/jdk.internal.reflect.NativeMethodAccessorImpl.invoke0(Native Method)
	at java.base/jdk.internal.reflect.NativeMethodAccessorImpl.invoke(NativeMethodAccessorImpl.java:77)
	at java.base/jdk.internal.reflect.DelegatingMethodAccessorImpl.invoke(DelegatingMethodAccessorImpl.java:43)
	at java.base/java.lang.reflect.Method.invoke(Method.java:568)
	at org.springframework.scheduling.support.ScheduledMethodRunnable.run(ScheduledMethodRunnable.java:84)
	at org.springframework.scheduling.support.DelegatingErrorHandlingRunnable.run(DelegatingErrorHandlingRunnable.java:54)
	at org.springframework.scheduling.concurrent.ReschedulingRunnable.run(ReschedulingRunnable.java:96)
	at java.base/java.util.concurrent.Executors$RunnableAdapter.call(Executors.java:539)
	at java.base/java.util.concurrent.FutureTask.run(FutureTask.java:264)
	at java.base/java.util.concurrent.ScheduledThreadPoolExecutor$ScheduledFutureTask.run(ScheduledThreadPoolExecutor.java:304)
	at java.base/java.util.concurrent.ThreadPoolExecutor.runWorker(ThreadPoolExecutor.java:1136)
	at java.base/java.util.concurrent.ThreadPoolExecutor$Worker.run(ThreadPoolExecutor.java:635)
	at java.base/java.lang.Thread.run(Thread.java:833)
2023-07-31 11:02:18,009 [scheduling-1] ERROR o.s.s.s.TaskUtils$LoggingErrorHandler - Unexpected error occurred in scheduled task
java.lang.NullPointerException: temporal
	at java.base/java.util.Objects.requireNonNull(Objects.java:233)
	at java.base/java.time.format.DateTimeFormatter.formatTo(DateTimeFormatter.java:1844)
	at java.base/java.time.format.DateTimeFormatter.format(DateTimeFormatter.java:1823)
	at com.shortener.shortener.entity.Shortener.getCreationDate(Shortener.java:77)
	at com.shortener.shortener.controller.ShortenerController.lambda$deleteExpiredShorteners$1(ShortenerController.java:102)
	at java.base/java.util.ArrayList.removeIf(ArrayList.java:1672)
	at java.base/java.util.ArrayList.removeIf(ArrayList.java:1660)
	at com.shortener.shortener.controller.ShortenerController.deleteExpiredShorteners(ShortenerController.java:100)
	at java.base/jdk.internal.reflect.NativeMethodAccessorImpl.invoke0(Native Method)
	at java.base/jdk.internal.reflect.NativeMethodAccessorImpl.invoke(NativeMethodAccessorImpl.java:77)
	at java.base/jdk.internal.reflect.DelegatingMethodAccessorImpl.invoke(DelegatingMethodAccessorImpl.java:43)
	at java.base/java.lang.reflect.Method.invoke(Method.java:568)
	at org.springframework.scheduling.support.ScheduledMethodRunnable.run(ScheduledMethodRunnable.java:84)
	at org.springframework.scheduling.support.DelegatingErrorHandlingRunnable.run(DelegatingErrorHandlingRunnable.java:54)
	at org.springframework.scheduling.concurrent.ReschedulingRunnable.run(ReschedulingRunnable.java:96)
	at java.base/java.util.concurrent.Executors$RunnableAdapter.call(Executors.java:539)
	at java.base/java.util.concurrent.FutureTask.run(FutureTask.java:264)
	at java.base/java.util.concurrent.ScheduledThreadPoolExecutor$ScheduledFutureTask.run(ScheduledThreadPoolExecutor.java:304)
	at java.base/java.util.concurrent.ThreadPoolExecutor.runWorker(ThreadPoolExecutor.java:1136)
	at java.base/java.util.concurrent.ThreadPoolExecutor$Worker.run(ThreadPoolExecutor.java:635)
	at java.base/java.lang.Thread.run(Thread.java:833)
2023-07-31 11:02:19,013 [scheduling-1] ERROR o.s.s.s.TaskUtils$LoggingErrorHandler - Unexpected error occurred in scheduled task
java.lang.NullPointerException: temporal
	at java.base/java.util.Objects.requireNonNull(Objects.java:233)
	at java.base/java.time.format.DateTimeFormatter.formatTo(DateTimeFormatter.java:1844)
	at java.base/java.time.format.DateTimeFormatter.format(DateTimeFormatter.java:1823)
	at com.shortener.shortener.entity.Shortener.getCreationDate(Shortener.java:77)
	at com.shortener.shortener.controller.ShortenerController.lambda$deleteExpiredShorteners$1(ShortenerController.java:102)
	at java.base/java.util.ArrayList.removeIf(ArrayList.java:1672)
	at java.base/java.util.ArrayList.removeIf(ArrayList.java:1660)
	at com.shortener.shortener.controller.ShortenerController.deleteExpiredShorteners(ShortenerController.java:100)
	at java.base/jdk.internal.reflect.NativeMethodAccessorImpl.invoke0(Native Method)
	at java.base/jdk.internal.reflect.NativeMethodAccessorImpl.invoke(NativeMethodAccessorImpl.java:77)
	at java.base/jdk.internal.reflect.DelegatingMethodAccessorImpl.invoke(DelegatingMethodAccessorImpl.java:43)
	at java.base/java.lang.reflect.Method.invoke(Method.java:568)
	at org.springframework.scheduling.support.ScheduledMethodRunnable.run(ScheduledMethodRunnable.java:84)
	at org.springframework.scheduling.support.DelegatingErrorHandlingRunnable.run(DelegatingErrorHandlingRunnable.java:54)
	at org.springframework.scheduling.concurrent.ReschedulingRunnable.run(ReschedulingRunnable.java:96)
	at java.base/java.util.concurrent.Executors$RunnableAdapter.call(Executors.java:539)
	at java.base/java.util.concurrent.FutureTask.run(FutureTask.java:264)
	at java.base/java.util.concurrent.ScheduledThreadPoolExecutor$ScheduledFutureTask.run(ScheduledThreadPoolExecutor.java:304)
	at java.base/java.util.concurrent.ThreadPoolExecutor.runWorker(ThreadPoolExecutor.java:1136)
	at java.base/java.util.concurrent.ThreadPoolExecutor$Worker.run(ThreadPoolExecutor.java:635)
	at java.base/java.lang.Thread.run(Thread.java:833)
2023-07-31 11:02:20,016 [scheduling-1] ERROR o.s.s.s.TaskUtils$LoggingErrorHandler - Unexpected error occurred in scheduled task
java.lang.NullPointerException: temporal
	at java.base/java.util.Objects.requireNonNull(Objects.java:233)
	at java.base/java.time.format.DateTimeFormatter.formatTo(DateTimeFormatter.java:1844)
	at java.base/java.time.format.DateTimeFormatter.format(DateTimeFormatter.java:1823)
	at com.shortener.shortener.entity.Shortener.getCreationDate(Shortener.java:77)
	at com.shortener.shortener.controller.ShortenerController.lambda$deleteExpiredShorteners$1(ShortenerController.java:102)
	at java.base/java.util.ArrayList.removeIf(ArrayList.java:1672)
	at java.base/java.util.ArrayList.removeIf(ArrayList.java:1660)
	at com.shortener.shortener.controller.ShortenerController.deleteExpiredShorteners(ShortenerController.java:100)
	at jdk.internal.reflect.GeneratedMethodAccessor142.invoke(Unknown Source)
	at java.base/jdk.internal.reflect.DelegatingMethodAccessorImpl.invoke(DelegatingMethodAccessorImpl.java:43)
	at java.base/java.lang.reflect.Method.invoke(Method.java:568)
	at org.springframework.scheduling.support.ScheduledMethodRunnable.run(ScheduledMethodRunnable.java:84)
	at org.springframework.scheduling.support.DelegatingErrorHandlingRunnable.run(DelegatingErrorHandlingRunnable.java:54)
	at org.springframework.scheduling.concurrent.ReschedulingRunnable.run(ReschedulingRunnable.java:96)
	at java.base/java.util.concurrent.Executors$RunnableAdapter.call(Executors.java:539)
	at java.base/java.util.concurrent.FutureTask.run(FutureTask.java:264)
	at java.base/java.util.concurrent.ScheduledThreadPoolExecutor$ScheduledFutureTask.run(ScheduledThreadPoolExecutor.java:304)
	at java.base/java.util.concurrent.ThreadPoolExecutor.runWorker(ThreadPoolExecutor.java:1136)
	at java.base/java.util.concurrent.ThreadPoolExecutor$Worker.run(ThreadPoolExecutor.java:635)
	at java.base/java.lang.Thread.run(Thread.java:833)
2023-07-31 11:02:21,014 [scheduling-1] ERROR o.s.s.s.TaskUtils$LoggingErrorHandler - Unexpected error occurred in scheduled task
java.lang.NullPointerException: temporal
	at java.base/java.util.Objects.requireNonNull(Objects.java:233)
	at java.base/java.time.format.DateTimeFormatter.formatTo(DateTimeFormatter.java:1844)
	at java.base/java.time.format.DateTimeFormatter.format(DateTimeFormatter.java:1823)
	at com.shortener.shortener.entity.Shortener.getCreationDate(Shortener.java:77)
	at com.shortener.shortener.controller.ShortenerController.lambda$deleteExpiredShorteners$1(ShortenerController.java:102)
	at java.base/java.util.ArrayList.removeIf(ArrayList.java:1672)
	at java.base/java.util.ArrayList.removeIf(ArrayList.java:1660)
	at com.shortener.shortener.controller.ShortenerController.deleteExpiredShorteners(ShortenerController.java:100)
	at jdk.internal.reflect.GeneratedMethodAccessor142.invoke(Unknown Source)
	at java.base/jdk.internal.reflect.DelegatingMethodAccessorImpl.invoke(DelegatingMethodAccessorImpl.java:43)
	at java.base/java.lang.reflect.Method.invoke(Method.java:568)
	at org.springframework.scheduling.support.ScheduledMethodRunnable.run(ScheduledMethodRunnable.java:84)
	at org.springframework.scheduling.support.DelegatingErrorHandlingRunnable.run(DelegatingErrorHandlingRunnable.java:54)
	at org.springframework.scheduling.concurrent.ReschedulingRunnable.run(ReschedulingRunnable.java:96)
	at java.base/java.util.concurrent.Executors$RunnableAdapter.call(Executors.java:539)
	at java.base/java.util.concurrent.FutureTask.run(FutureTask.java:264)
	at java.base/java.util.concurrent.ScheduledThreadPoolExecutor$ScheduledFutureTask.run(ScheduledThreadPoolExecutor.java:304)
	at java.base/java.util.concurrent.ThreadPoolExecutor.runWorker(ThreadPoolExecutor.java:1136)
	at java.base/java.util.concurrent.ThreadPoolExecutor$Worker.run(ThreadPoolExecutor.java:635)
	at java.base/java.lang.Thread.run(Thread.java:833)
2023-07-31 11:02:22,011 [scheduling-1] ERROR o.s.s.s.TaskUtils$LoggingErrorHandler - Unexpected error occurred in scheduled task
java.lang.NullPointerException: temporal
	at java.base/java.util.Objects.requireNonNull(Objects.java:233)
	at java.base/java.time.format.DateTimeFormatter.formatTo(DateTimeFormatter.java:1844)
	at java.base/java.time.format.DateTimeFormatter.format(DateTimeFormatter.java:1823)
	at com.shortener.shortener.entity.Shortener.getCreationDate(Shortener.java:77)
	at com.shortener.shortener.controller.ShortenerController.lambda$deleteExpiredShorteners$1(ShortenerController.java:102)
	at java.base/java.util.ArrayList.removeIf(ArrayList.java:1672)
	at java.base/java.util.ArrayList.removeIf(ArrayList.java:1660)
	at com.shortener.shortener.controller.ShortenerController.deleteExpiredShorteners(ShortenerController.java:100)
	at jdk.internal.reflect.GeneratedMethodAccessor142.invoke(Unknown Source)
	at java.base/jdk.internal.reflect.DelegatingMethodAccessorImpl.invoke(DelegatingMethodAccessorImpl.java:43)
	at java.base/java.lang.reflect.Method.invoke(Method.java:568)
	at org.springframework.scheduling.support.ScheduledMethodRunnable.run(ScheduledMethodRunnable.java:84)
	at org.springframework.scheduling.support.DelegatingErrorHandlingRunnable.run(DelegatingErrorHandlingRunnable.java:54)
	at org.springframework.scheduling.concurrent.ReschedulingRunnable.run(ReschedulingRunnable.java:96)
	at java.base/java.util.concurrent.Executors$RunnableAdapter.call(Executors.java:539)
	at java.base/java.util.concurrent.FutureTask.run(FutureTask.java:264)
	at java.base/java.util.concurrent.ScheduledThreadPoolExecutor$ScheduledFutureTask.run(ScheduledThreadPoolExecutor.java:304)
	at java.base/java.util.concurrent.ThreadPoolExecutor.runWorker(ThreadPoolExecutor.java:1136)
	at java.base/java.util.concurrent.ThreadPoolExecutor$Worker.run(ThreadPoolExecutor.java:635)
	at java.base/java.lang.Thread.run(Thread.java:833)
2023-07-31 11:02:23,013 [scheduling-1] ERROR o.s.s.s.TaskUtils$LoggingErrorHandler - Unexpected error occurred in scheduled task
java.lang.NullPointerException: temporal
	at java.base/java.util.Objects.requireNonNull(Objects.java:233)
	at java.base/java.time.format.DateTimeFormatter.formatTo(DateTimeFormatter.java:1844)
	at java.base/java.time.format.DateTimeFormatter.format(DateTimeFormatter.java:1823)
	at com.shortener.shortener.entity.Shortener.getCreationDate(Shortener.java:77)
	at com.shortener.shortener.controller.ShortenerController.lambda$deleteExpiredShorteners$1(ShortenerController.java:102)
	at java.base/java.util.ArrayList.removeIf(ArrayList.java:1672)
	at java.base/java.util.ArrayList.removeIf(ArrayList.java:1660)
	at com.shortener.shortener.controller.ShortenerController.deleteExpiredShorteners(ShortenerController.java:100)
	at jdk.internal.reflect.GeneratedMethodAccessor142.invoke(Unknown Source)
	at java.base/jdk.internal.reflect.DelegatingMethodAccessorImpl.invoke(DelegatingMethodAccessorImpl.java:43)
	at java.base/java.lang.reflect.Method.invoke(Method.java:568)
	at org.springframework.scheduling.support.ScheduledMethodRunnable.run(ScheduledMethodRunnable.java:84)
	at org.springframework.scheduling.support.DelegatingErrorHandlingRunnable.run(DelegatingErrorHandlingRunnable.java:54)
	at org.springframework.scheduling.concurrent.ReschedulingRunnable.run(ReschedulingRunnable.java:96)
	at java.base/java.util.concurrent.Executors$RunnableAdapter.call(Executors.java:539)
	at java.base/java.util.concurrent.FutureTask.run(FutureTask.java:264)
	at java.base/java.util.concurrent.ScheduledThreadPoolExecutor$ScheduledFutureTask.run(ScheduledThreadPoolExecutor.java:304)
	at java.base/java.util.concurrent.ThreadPoolExecutor.runWorker(ThreadPoolExecutor.java:1136)
	at java.base/java.util.concurrent.ThreadPoolExecutor$Worker.run(ThreadPoolExecutor.java:635)
	at java.base/java.lang.Thread.run(Thread.java:833)
2023-07-31 11:02:24,014 [scheduling-1] ERROR o.s.s.s.TaskUtils$LoggingErrorHandler - Unexpected error occurred in scheduled task
java.lang.NullPointerException: temporal
	at java.base/java.util.Objects.requireNonNull(Objects.java:233)
	at java.base/java.time.format.DateTimeFormatter.formatTo(DateTimeFormatter.java:1844)
	at java.base/java.time.format.DateTimeFormatter.format(DateTimeFormatter.java:1823)
	at com.shortener.shortener.entity.Shortener.getCreationDate(Shortener.java:77)
	at com.shortener.shortener.controller.ShortenerController.lambda$deleteExpiredShorteners$1(ShortenerController.java:102)
	at java.base/java.util.ArrayList.removeIf(ArrayList.java:1672)
	at java.base/java.util.ArrayList.removeIf(ArrayList.java:1660)
	at com.shortener.shortener.controller.ShortenerController.deleteExpiredShorteners(ShortenerController.java:100)
	at jdk.internal.reflect.GeneratedMethodAccessor142.invoke(Unknown Source)
	at java.base/jdk.internal.reflect.DelegatingMethodAccessorImpl.invoke(DelegatingMethodAccessorImpl.java:43)
	at java.base/java.lang.reflect.Method.invoke(Method.java:568)
	at org.springframework.scheduling.support.ScheduledMethodRunnable.run(ScheduledMethodRunnable.java:84)
	at org.springframework.scheduling.support.DelegatingErrorHandlingRunnable.run(DelegatingErrorHandlingRunnable.java:54)
	at org.springframework.scheduling.concurrent.ReschedulingRunnable.run(ReschedulingRunnable.java:96)
	at java.base/java.util.concurrent.Executors$RunnableAdapter.call(Executors.java:539)
	at java.base/java.util.concurrent.FutureTask.run(FutureTask.java:264)
	at java.base/java.util.concurrent.ScheduledThreadPoolExecutor$ScheduledFutureTask.run(ScheduledThreadPoolExecutor.java:304)
	at java.base/java.util.concurrent.ThreadPoolExecutor.runWorker(ThreadPoolExecutor.java:1136)
	at java.base/java.util.concurrent.ThreadPoolExecutor$Worker.run(ThreadPoolExecutor.java:635)
	at java.base/java.lang.Thread.run(Thread.java:833)
2023-07-31 11:02:25,004 [scheduling-1] ERROR o.s.s.s.TaskUtils$LoggingErrorHandler - Unexpected error occurred in scheduled task
java.lang.NullPointerException: temporal
	at java.base/java.util.Objects.requireNonNull(Objects.java:233)
	at java.base/java.time.format.DateTimeFormatter.formatTo(DateTimeFormatter.java:1844)
	at java.base/java.time.format.DateTimeFormatter.format(DateTimeFormatter.java:1823)
	at com.shortener.shortener.entity.Shortener.getCreationDate(Shortener.java:77)
	at com.shortener.shortener.controller.ShortenerController.lambda$deleteExpiredShorteners$1(ShortenerController.java:102)
	at java.base/java.util.ArrayList.removeIf(ArrayList.java:1672)
	at java.base/java.util.ArrayList.removeIf(ArrayList.java:1660)
	at com.shortener.shortener.controller.ShortenerController.deleteExpiredShorteners(ShortenerController.java:100)
	at jdk.internal.reflect.GeneratedMethodAccessor142.invoke(Unknown Source)
	at java.base/jdk.internal.reflect.DelegatingMethodAccessorImpl.invoke(DelegatingMethodAccessorImpl.java:43)
	at java.base/java.lang.reflect.Method.invoke(Method.java:568)
	at org.springframework.scheduling.support.ScheduledMethodRunnable.run(ScheduledMethodRunnable.java:84)
	at org.springframework.scheduling.support.DelegatingErrorHandlingRunnable.run(DelegatingErrorHandlingRunnable.java:54)
	at org.springframework.scheduling.concurrent.ReschedulingRunnable.run(ReschedulingRunnable.java:96)
	at java.base/java.util.concurrent.Executors$RunnableAdapter.call(Executors.java:539)
	at java.base/java.util.concurrent.FutureTask.run(FutureTask.java:264)
	at java.base/java.util.concurrent.ScheduledThreadPoolExecutor$ScheduledFutureTask.run(ScheduledThreadPoolExecutor.java:304)
	at java.base/java.util.concurrent.ThreadPoolExecutor.runWorker(ThreadPoolExecutor.java:1136)
	at java.base/java.util.concurrent.ThreadPoolExecutor$Worker.run(ThreadPoolExecutor.java:635)
	at java.base/java.lang.Thread.run(Thread.java:833)
2023-07-31 11:02:26,009 [scheduling-1] ERROR o.s.s.s.TaskUtils$LoggingErrorHandler - Unexpected error occurred in scheduled task
java.lang.NullPointerException: temporal
	at java.base/java.util.Objects.requireNonNull(Objects.java:233)
	at java.base/java.time.format.DateTimeFormatter.formatTo(DateTimeFormatter.java:1844)
	at java.base/java.time.format.DateTimeFormatter.format(DateTimeFormatter.java:1823)
	at com.shortener.shortener.entity.Shortener.getCreationDate(Shortener.java:77)
	at com.shortener.shortener.controller.ShortenerController.lambda$deleteExpiredShorteners$1(ShortenerController.java:102)
	at java.base/java.util.ArrayList.removeIf(ArrayList.java:1672)
	at java.base/java.util.ArrayList.removeIf(ArrayList.java:1660)
	at com.shortener.shortener.controller.ShortenerController.deleteExpiredShorteners(ShortenerController.java:100)
	at jdk.internal.reflect.GeneratedMethodAccessor142.invoke(Unknown Source)
	at java.base/jdk.internal.reflect.DelegatingMethodAccessorImpl.invoke(DelegatingMethodAccessorImpl.java:43)
	at java.base/java.lang.reflect.Method.invoke(Method.java:568)
	at org.springframework.scheduling.support.ScheduledMethodRunnable.run(ScheduledMethodRunnable.java:84)
	at org.springframework.scheduling.support.DelegatingErrorHandlingRunnable.run(DelegatingErrorHandlingRunnable.java:54)
	at org.springframework.scheduling.concurrent.ReschedulingRunnable.run(ReschedulingRunnable.java:96)
	at java.base/java.util.concurrent.Executors$RunnableAdapter.call(Executors.java:539)
	at java.base/java.util.concurrent.FutureTask.run(FutureTask.java:264)
	at java.base/java.util.concurrent.ScheduledThreadPoolExecutor$ScheduledFutureTask.run(ScheduledThreadPoolExecutor.java:304)
	at java.base/java.util.concurrent.ThreadPoolExecutor.runWorker(ThreadPoolExecutor.java:1136)
	at java.base/java.util.concurrent.ThreadPoolExecutor$Worker.run(ThreadPoolExecutor.java:635)
	at java.base/java.lang.Thread.run(Thread.java:833)
2023-07-31 11:02:27,016 [scheduling-1] ERROR o.s.s.s.TaskUtils$LoggingErrorHandler - Unexpected error occurred in scheduled task
java.lang.NullPointerException: temporal
	at java.base/java.util.Objects.requireNonNull(Objects.java:233)
	at java.base/java.time.format.DateTimeFormatter.formatTo(DateTimeFormatter.java:1844)
	at java.base/java.time.format.DateTimeFormatter.format(DateTimeFormatter.java:1823)
	at com.shortener.shortener.entity.Shortener.getCreationDate(Shortener.java:77)
	at com.shortener.shortener.controller.ShortenerController.lambda$deleteExpiredShorteners$1(ShortenerController.java:102)
	at java.base/java.util.ArrayList.removeIf(ArrayList.java:1672)
	at java.base/java.util.ArrayList.removeIf(ArrayList.java:1660)
	at com.shortener.shortener.controller.ShortenerController.deleteExpiredShorteners(ShortenerController.java:100)
	at jdk.internal.reflect.GeneratedMethodAccessor142.invoke(Unknown Source)
	at java.base/jdk.internal.reflect.DelegatingMethodAccessorImpl.invoke(DelegatingMethodAccessorImpl.java:43)
	at java.base/java.lang.reflect.Method.invoke(Method.java:568)
	at org.springframework.scheduling.support.ScheduledMethodRunnable.run(ScheduledMethodRunnable.java:84)
	at org.springframework.scheduling.support.DelegatingErrorHandlingRunnable.run(DelegatingErrorHandlingRunnable.java:54)
	at org.springframework.scheduling.concurrent.ReschedulingRunnable.run(ReschedulingRunnable.java:96)
	at java.base/java.util.concurrent.Executors$RunnableAdapter.call(Executors.java:539)
	at java.base/java.util.concurrent.FutureTask.run(FutureTask.java:264)
	at java.base/java.util.concurrent.ScheduledThreadPoolExecutor$ScheduledFutureTask.run(ScheduledThreadPoolExecutor.java:304)
	at java.base/java.util.concurrent.ThreadPoolExecutor.runWorker(ThreadPoolExecutor.java:1136)
	at java.base/java.util.concurrent.ThreadPoolExecutor$Worker.run(ThreadPoolExecutor.java:635)
	at java.base/java.lang.Thread.run(Thread.java:833)
2023-07-31 11:02:28,004 [scheduling-1] ERROR o.s.s.s.TaskUtils$LoggingErrorHandler - Unexpected error occurred in scheduled task
java.lang.NullPointerException: temporal
	at java.base/java.util.Objects.requireNonNull(Objects.java:233)
	at java.base/java.time.format.DateTimeFormatter.formatTo(DateTimeFormatter.java:1844)
	at java.base/java.time.format.DateTimeFormatter.format(DateTimeFormatter.java:1823)
	at com.shortener.shortener.entity.Shortener.getCreationDate(Shortener.java:77)
	at com.shortener.shortener.controller.ShortenerController.lambda$deleteExpiredShorteners$1(ShortenerController.java:102)
	at java.base/java.util.ArrayList.removeIf(ArrayList.java:1672)
	at java.base/java.util.ArrayList.removeIf(ArrayList.java:1660)
	at com.shortener.shortener.controller.ShortenerController.deleteExpiredShorteners(ShortenerController.java:100)
	at jdk.internal.reflect.GeneratedMethodAccessor142.invoke(Unknown Source)
	at java.base/jdk.internal.reflect.DelegatingMethodAccessorImpl.invoke(DelegatingMethodAccessorImpl.java:43)
	at java.base/java.lang.reflect.Method.invoke(Method.java:568)
	at org.springframework.scheduling.support.ScheduledMethodRunnable.run(ScheduledMethodRunnable.java:84)
	at org.springframework.scheduling.support.DelegatingErrorHandlingRunnable.run(DelegatingErrorHandlingRunnable.java:54)
	at org.springframework.scheduling.concurrent.ReschedulingRunnable.run(ReschedulingRunnable.java:96)
	at java.base/java.util.concurrent.Executors$RunnableAdapter.call(Executors.java:539)
	at java.base/java.util.concurrent.FutureTask.run(FutureTask.java:264)
	at java.base/java.util.concurrent.ScheduledThreadPoolExecutor$ScheduledFutureTask.run(ScheduledThreadPoolExecutor.java:304)
	at java.base/java.util.concurrent.ThreadPoolExecutor.runWorker(ThreadPoolExecutor.java:1136)
	at java.base/java.util.concurrent.ThreadPoolExecutor$Worker.run(ThreadPoolExecutor.java:635)
	at java.base/java.lang.Thread.run(Thread.java:833)
2023-07-31 11:02:29,021 [scheduling-1] ERROR o.s.s.s.TaskUtils$LoggingErrorHandler - Unexpected error occurred in scheduled task
java.lang.NullPointerException: temporal
	at java.base/java.util.Objects.requireNonNull(Objects.java:233)
	at java.base/java.time.format.DateTimeFormatter.formatTo(DateTimeFormatter.java:1844)
	at java.base/java.time.format.DateTimeFormatter.format(DateTimeFormatter.java:1823)
	at com.shortener.shortener.entity.Shortener.getCreationDate(Shortener.java:77)
	at com.shortener.shortener.controller.ShortenerController.lambda$deleteExpiredShorteners$1(ShortenerController.java:102)
	at java.base/java.util.ArrayList.removeIf(ArrayList.java:1672)
	at java.base/java.util.ArrayList.removeIf(ArrayList.java:1660)
	at com.shortener.shortener.controller.ShortenerController.deleteExpiredShorteners(ShortenerController.java:100)
	at jdk.internal.reflect.GeneratedMethodAccessor142.invoke(Unknown Source)
	at java.base/jdk.internal.reflect.DelegatingMethodAccessorImpl.invoke(DelegatingMethodAccessorImpl.java:43)
	at java.base/java.lang.reflect.Method.invoke(Method.java:568)
	at org.springframework.scheduling.support.ScheduledMethodRunnable.run(ScheduledMethodRunnable.java:84)
	at org.springframework.scheduling.support.DelegatingErrorHandlingRunnable.run(DelegatingErrorHandlingRunnable.java:54)
	at org.springframework.scheduling.concurrent.ReschedulingRunnable.run(ReschedulingRunnable.java:96)
	at java.base/java.util.concurrent.Executors$RunnableAdapter.call(Executors.java:539)
	at java.base/java.util.concurrent.FutureTask.run(FutureTask.java:264)
	at java.base/java.util.concurrent.ScheduledThreadPoolExecutor$ScheduledFutureTask.run(ScheduledThreadPoolExecutor.java:304)
	at java.base/java.util.concurrent.ThreadPoolExecutor.runWorker(ThreadPoolExecutor.java:1136)
	at java.base/java.util.concurrent.ThreadPoolExecutor$Worker.run(ThreadPoolExecutor.java:635)
	at java.base/java.lang.Thread.run(Thread.java:833)
2023-07-31 11:02:30,018 [scheduling-1] ERROR o.s.s.s.TaskUtils$LoggingErrorHandler - Unexpected error occurred in scheduled task
java.lang.NullPointerException: temporal
	at java.base/java.util.Objects.requireNonNull(Objects.java:233)
	at java.base/java.time.format.DateTimeFormatter.formatTo(DateTimeFormatter.java:1844)
	at java.base/java.time.format.DateTimeFormatter.format(DateTimeFormatter.java:1823)
	at com.shortener.shortener.entity.Shortener.getCreationDate(Shortener.java:77)
	at com.shortener.shortener.controller.ShortenerController.lambda$deleteExpiredShorteners$1(ShortenerController.java:102)
	at java.base/java.util.ArrayList.removeIf(ArrayList.java:1672)
	at java.base/java.util.ArrayList.removeIf(ArrayList.java:1660)
	at com.shortener.shortener.controller.ShortenerController.deleteExpiredShorteners(ShortenerController.java:100)
	at jdk.internal.reflect.GeneratedMethodAccessor142.invoke(Unknown Source)
	at java.base/jdk.internal.reflect.DelegatingMethodAccessorImpl.invoke(DelegatingMethodAccessorImpl.java:43)
	at java.base/java.lang.reflect.Method.invoke(Method.java:568)
	at org.springframework.scheduling.support.ScheduledMethodRunnable.run(ScheduledMethodRunnable.java:84)
	at org.springframework.scheduling.support.DelegatingErrorHandlingRunnable.run(DelegatingErrorHandlingRunnable.java:54)
	at org.springframework.scheduling.concurrent.ReschedulingRunnable.run(ReschedulingRunnable.java:96)
	at java.base/java.util.concurrent.Executors$RunnableAdapter.call(Executors.java:539)
	at java.base/java.util.concurrent.FutureTask.run(FutureTask.java:264)
	at java.base/java.util.concurrent.ScheduledThreadPoolExecutor$ScheduledFutureTask.run(ScheduledThreadPoolExecutor.java:304)
	at java.base/java.util.concurrent.ThreadPoolExecutor.runWorker(ThreadPoolExecutor.java:1136)
	at java.base/java.util.concurrent.ThreadPoolExecutor$Worker.run(ThreadPoolExecutor.java:635)
	at java.base/java.lang.Thread.run(Thread.java:833)
2023-07-31 11:02:31,005 [scheduling-1] ERROR o.s.s.s.TaskUtils$LoggingErrorHandler - Unexpected error occurred in scheduled task
java.lang.NullPointerException: temporal
	at java.base/java.util.Objects.requireNonNull(Objects.java:233)
	at java.base/java.time.format.DateTimeFormatter.formatTo(DateTimeFormatter.java:1844)
	at java.base/java.time.format.DateTimeFormatter.format(DateTimeFormatter.java:1823)
	at com.shortener.shortener.entity.Shortener.getCreationDate(Shortener.java:77)
	at com.shortener.shortener.controller.ShortenerController.lambda$deleteExpiredShorteners$1(ShortenerController.java:102)
	at java.base/java.util.ArrayList.removeIf(ArrayList.java:1672)
	at java.base/java.util.ArrayList.removeIf(ArrayList.java:1660)
	at com.shortener.shortener.controller.ShortenerController.deleteExpiredShorteners(ShortenerController.java:100)
	at jdk.internal.reflect.GeneratedMethodAccessor142.invoke(Unknown Source)
	at java.base/jdk.internal.reflect.DelegatingMethodAccessorImpl.invoke(DelegatingMethodAccessorImpl.java:43)
	at java.base/java.lang.reflect.Method.invoke(Method.java:568)
	at org.springframework.scheduling.support.ScheduledMethodRunnable.run(ScheduledMethodRunnable.java:84)
	at org.springframework.scheduling.support.DelegatingErrorHandlingRunnable.run(DelegatingErrorHandlingRunnable.java:54)
	at org.springframework.scheduling.concurrent.ReschedulingRunnable.run(ReschedulingRunnable.java:96)
	at java.base/java.util.concurrent.Executors$RunnableAdapter.call(Executors.java:539)
	at java.base/java.util.concurrent.FutureTask.run(FutureTask.java:264)
	at java.base/java.util.concurrent.ScheduledThreadPoolExecutor$ScheduledFutureTask.run(ScheduledThreadPoolExecutor.java:304)
	at java.base/java.util.concurrent.ThreadPoolExecutor.runWorker(ThreadPoolExecutor.java:1136)
	at java.base/java.util.concurrent.ThreadPoolExecutor$Worker.run(ThreadPoolExecutor.java:635)
	at java.base/java.lang.Thread.run(Thread.java:833)
